{"level":"error","message":"Cannot read properties of undefined (reading 'startsWith')","metadata":{},"service":"user-service","timestamp":"2024-06-13 13:14:38"}
{"level":"error","message":"Cannot read properties of undefined (reading 'startsWith')","metadata":{},"service":"user-service","timestamp":"2024-06-13 13:16:54"}
{"level":"error","message":"Unexpected field","metadata":{"code":"LIMIT_UNEXPECTED_FILE","field":"pdfs","message":"Unexpected field","name":"MulterError","storageErrors":[]},"service":"user-service","timestamp":"2024-06-13 13:23:56"}
{"level":"error","message":"Unexpected field","metadata":{"code":"LIMIT_UNEXPECTED_FILE","field":"pdfs","message":"Unexpected field","name":"MulterError","storageErrors":[]},"service":"user-service","timestamp":"2024-06-13 13:25:22"}
{"level":"error","message":"Unexpected field","metadata":{"code":"LIMIT_UNEXPECTED_FILE","field":"pdfs","message":"Unexpected field","name":"MulterError","storageErrors":[]},"service":"user-service","timestamp":"2024-06-13 13:25:29"}
{"level":"error","message":"Cannot read properties of undefined (reading 'startsWith')","metadata":{},"service":"user-service","timestamp":"2024-06-13 13:32:11"}
{"level":"info","message":"Authorization header: Bearer eyJhbGciOiJIUzI1NiIsInR5cCI6IkpXVCJ9.eyJ1c2VyIjp7ImlkIjoiNjY2OWZmMjk3N2UyMWFiMjAwN2Q4MzcyIn0sImlhdCI6MTcxODI2NDY3MCwiZXhwIjoxNzE4MjY4MjcwfQ.nYR5TAh7fqsfRaz2RZMCsmRfgUiu7TIoIV3xHt-EDWQ","service":"user-service","timestamp":"2024-06-13 13:36:02"}
{"level":"info","message":"Extracted token: eyJhbGciOiJIUzI1NiIsInR5cCI6IkpXVCJ9.eyJ1c2VyIjp7ImlkIjoiNjY2OWZmMjk3N2UyMWFiMjAwN2Q4MzcyIn0sImlhdCI6MTcxODI2NDY3MCwiZXhwIjoxNzE4MjY4MjcwfQ.nYR5TAh7fqsfRaz2RZMCsmRfgUiu7TIoIV3xHt-EDWQ","service":"user-service","timestamp":"2024-06-13 13:36:02"}
{"level":"error","message":"Cannot read properties of undefined (reading 'startsWith')","metadata":{},"service":"user-service","timestamp":"2024-06-13 13:36:02"}
{"level":"info","message":"Authorization header: Bearer eyJhbGciOiJIUzI1NiIsInR5cCI6IkpXVCJ9.eyJ1c2VyIjp7ImlkIjoiNjY2OWZmMjk3N2UyMWFiMjAwN2Q4MzcyIn0sImlhdCI6MTcxODI2NDY3MCwiZXhwIjoxNzE4MjY4MjcwfQ.nYR5TAh7fqsfRaz2RZMCsmRfgUiu7TIoIV3xHt-EDWQ","service":"user-service","timestamp":"2024-06-13 13:36:02"}
{"level":"info","message":"Extracted token: eyJhbGciOiJIUzI1NiIsInR5cCI6IkpXVCJ9.eyJ1c2VyIjp7ImlkIjoiNjY2OWZmMjk3N2UyMWFiMjAwN2Q4MzcyIn0sImlhdCI6MTcxODI2NDY3MCwiZXhwIjoxNzE4MjY4MjcwfQ.nYR5TAh7fqsfRaz2RZMCsmRfgUiu7TIoIV3xHt-EDWQ","service":"user-service","timestamp":"2024-06-13 13:36:02"}
{"level":"error","message":"Cannot read properties of undefined (reading 'startsWith')","metadata":{},"service":"user-service","timestamp":"2024-06-13 13:36:02"}
{"level":"info","message":"Authorization header: Bearer eyJhbGciOiJIUzI1NiIsInR5cCI6IkpXVCJ9.eyJ1c2VyIjp7ImlkIjoiNjY2OWZmMjk3N2UyMWFiMjAwN2Q4MzcyIn0sImlhdCI6MTcxODI2NDY3MCwiZXhwIjoxNzE4MjY4MjcwfQ.nYR5TAh7fqsfRaz2RZMCsmRfgUiu7TIoIV3xHt-EDWQ","service":"user-service","timestamp":"2024-06-13 13:36:12"}
{"level":"info","message":"Extracted token: eyJhbGciOiJIUzI1NiIsInR5cCI6IkpXVCJ9.eyJ1c2VyIjp7ImlkIjoiNjY2OWZmMjk3N2UyMWFiMjAwN2Q4MzcyIn0sImlhdCI6MTcxODI2NDY3MCwiZXhwIjoxNzE4MjY4MjcwfQ.nYR5TAh7fqsfRaz2RZMCsmRfgUiu7TIoIV3xHt-EDWQ","service":"user-service","timestamp":"2024-06-13 13:36:12"}
{"level":"error","message":"Unexpected field","metadata":{"code":"LIMIT_UNEXPECTED_FILE","field":"PDF","message":"Unexpected field","name":"MulterError","storageErrors":[]},"service":"user-service","timestamp":"2024-06-13 13:36:12"}
{"level":"info","message":"Authorization header: Bearer eyJhbGciOiJIUzI1NiIsInR5cCI6IkpXVCJ9.eyJ1c2VyIjp7ImlkIjoiNjY2OWZmMjk3N2UyMWFiMjAwN2Q4MzcyIn0sImlhdCI6MTcxODI2NDY3MCwiZXhwIjoxNzE4MjY4MjcwfQ.nYR5TAh7fqsfRaz2RZMCsmRfgUiu7TIoIV3xHt-EDWQ","service":"user-service","timestamp":"2024-06-13 13:40:27"}
{"level":"info","message":"Extracted token: eyJhbGciOiJIUzI1NiIsInR5cCI6IkpXVCJ9.eyJ1c2VyIjp7ImlkIjoiNjY2OWZmMjk3N2UyMWFiMjAwN2Q4MzcyIn0sImlhdCI6MTcxODI2NDY3MCwiZXhwIjoxNzE4MjY4MjcwfQ.nYR5TAh7fqsfRaz2RZMCsmRfgUiu7TIoIV3xHt-EDWQ","service":"user-service","timestamp":"2024-06-13 13:40:27"}
{"level":"error","message":"Cannot read properties of undefined (reading 'startsWith')","metadata":{},"service":"user-service","timestamp":"2024-06-13 13:40:27"}
{"level":"info","message":"Authorization header: Bearer eyJhbGciOiJIUzI1NiIsInR5cCI6IkpXVCJ9.eyJ1c2VyIjp7ImlkIjoiNjY2OWZmMjk3N2UyMWFiMjAwN2Q4MzcyIn0sImlhdCI6MTcxODI2NDY3MCwiZXhwIjoxNzE4MjY4MjcwfQ.nYR5TAh7fqsfRaz2RZMCsmRfgUiu7TIoIV3xHt-EDWQ","service":"user-service","timestamp":"2024-06-13 13:40:27"}
{"level":"info","message":"Extracted token: eyJhbGciOiJIUzI1NiIsInR5cCI6IkpXVCJ9.eyJ1c2VyIjp7ImlkIjoiNjY2OWZmMjk3N2UyMWFiMjAwN2Q4MzcyIn0sImlhdCI6MTcxODI2NDY3MCwiZXhwIjoxNzE4MjY4MjcwfQ.nYR5TAh7fqsfRaz2RZMCsmRfgUiu7TIoIV3xHt-EDWQ","service":"user-service","timestamp":"2024-06-13 13:40:27"}
{"level":"error","message":"Cannot read properties of undefined (reading 'startsWith')","metadata":{},"service":"user-service","timestamp":"2024-06-13 13:40:27"}
{"level":"info","message":"Authorization header: Bearer eyJhbGciOiJIUzI1NiIsInR5cCI6IkpXVCJ9.eyJ1c2VyIjp7ImlkIjoiNjY2OWZmMjk3N2UyMWFiMjAwN2Q4MzcyIn0sImlhdCI6MTcxODI2NDY3MCwiZXhwIjoxNzE4MjY4MjcwfQ.nYR5TAh7fqsfRaz2RZMCsmRfgUiu7TIoIV3xHt-EDWQ","service":"user-service","timestamp":"2024-06-13 13:40:35"}
{"level":"info","message":"Extracted token: eyJhbGciOiJIUzI1NiIsInR5cCI6IkpXVCJ9.eyJ1c2VyIjp7ImlkIjoiNjY2OWZmMjk3N2UyMWFiMjAwN2Q4MzcyIn0sImlhdCI6MTcxODI2NDY3MCwiZXhwIjoxNzE4MjY4MjcwfQ.nYR5TAh7fqsfRaz2RZMCsmRfgUiu7TIoIV3xHt-EDWQ","service":"user-service","timestamp":"2024-06-13 13:40:35"}
{"level":"error","message":"Cannot read properties of undefined (reading 'startsWith')","metadata":{},"service":"user-service","timestamp":"2024-06-13 13:40:35"}
{"level":"info","message":"Authorization header: Bearer eyJhbGciOiJIUzI1NiIsInR5cCI6IkpXVCJ9.eyJ1c2VyIjp7ImlkIjoiNjY2OWZmMjk3N2UyMWFiMjAwN2Q4MzcyIn0sImlhdCI6MTcxODI2NDY3MCwiZXhwIjoxNzE4MjY4MjcwfQ.nYR5TAh7fqsfRaz2RZMCsmRfgUiu7TIoIV3xHt-EDWQ","service":"user-service","timestamp":"2024-06-13 13:40:36"}
{"level":"info","message":"Extracted token: eyJhbGciOiJIUzI1NiIsInR5cCI6IkpXVCJ9.eyJ1c2VyIjp7ImlkIjoiNjY2OWZmMjk3N2UyMWFiMjAwN2Q4MzcyIn0sImlhdCI6MTcxODI2NDY3MCwiZXhwIjoxNzE4MjY4MjcwfQ.nYR5TAh7fqsfRaz2RZMCsmRfgUiu7TIoIV3xHt-EDWQ","service":"user-service","timestamp":"2024-06-13 13:40:36"}
{"level":"error","message":"Cannot read properties of undefined (reading 'startsWith')","metadata":{},"service":"user-service","timestamp":"2024-06-13 13:40:36"}
{"level":"info","message":"Authorization header: Bearer eyJhbGciOiJIUzI1NiIsInR5cCI6IkpXVCJ9.eyJ1c2VyIjp7ImlkIjoiNjY2OWZmMjk3N2UyMWFiMjAwN2Q4MzcyIn0sImlhdCI6MTcxODI2NDY3MCwiZXhwIjoxNzE4MjY4MjcwfQ.nYR5TAh7fqsfRaz2RZMCsmRfgUiu7TIoIV3xHt-EDWQ","service":"user-service","timestamp":"2024-06-13 13:40:45"}
{"level":"info","message":"Extracted token: eyJhbGciOiJIUzI1NiIsInR5cCI6IkpXVCJ9.eyJ1c2VyIjp7ImlkIjoiNjY2OWZmMjk3N2UyMWFiMjAwN2Q4MzcyIn0sImlhdCI6MTcxODI2NDY3MCwiZXhwIjoxNzE4MjY4MjcwfQ.nYR5TAh7fqsfRaz2RZMCsmRfgUiu7TIoIV3xHt-EDWQ","service":"user-service","timestamp":"2024-06-13 13:40:45"}
{"level":"error","message":"Unexpected field","metadata":{"code":"LIMIT_UNEXPECTED_FILE","field":"PDF","message":"Unexpected field","name":"MulterError","storageErrors":[]},"service":"user-service","timestamp":"2024-06-13 13:40:45"}
{"level":"info","message":"Authorization header: Bearer eyJhbGciOiJIUzI1NiIsInR5cCI6IkpXVCJ9.eyJ1c2VyIjp7ImlkIjoiNjY2OWZmMjk3N2UyMWFiMjAwN2Q4MzcyIn0sImlhdCI6MTcxODI2NDY3MCwiZXhwIjoxNzE4MjY4MjcwfQ.nYR5TAh7fqsfRaz2RZMCsmRfgUiu7TIoIV3xHt-EDWQ","service":"user-service","timestamp":"2024-06-13 13:40:51"}
{"level":"info","message":"Extracted token: eyJhbGciOiJIUzI1NiIsInR5cCI6IkpXVCJ9.eyJ1c2VyIjp7ImlkIjoiNjY2OWZmMjk3N2UyMWFiMjAwN2Q4MzcyIn0sImlhdCI6MTcxODI2NDY3MCwiZXhwIjoxNzE4MjY4MjcwfQ.nYR5TAh7fqsfRaz2RZMCsmRfgUiu7TIoIV3xHt-EDWQ","service":"user-service","timestamp":"2024-06-13 13:40:51"}
{"level":"error","message":"Unexpected field","metadata":{"code":"LIMIT_UNEXPECTED_FILE","field":"PDF","message":"Unexpected field","name":"MulterError","storageErrors":[]},"service":"user-service","timestamp":"2024-06-13 13:40:51"}
{"level":"info","message":"Authorization header: Bearer eyJhbGciOiJIUzI1NiIsInR5cCI6IkpXVCJ9.eyJ1c2VyIjp7ImlkIjoiNjY2OWZmMjk3N2UyMWFiMjAwN2Q4MzcyIn0sImlhdCI6MTcxODI2NDY3MCwiZXhwIjoxNzE4MjY4MjcwfQ.nYR5TAh7fqsfRaz2RZMCsmRfgUiu7TIoIV3xHt-EDWQ","service":"user-service","timestamp":"2024-06-13 13:45:56"}
{"level":"info","message":"Extracted token: eyJhbGciOiJIUzI1NiIsInR5cCI6IkpXVCJ9.eyJ1c2VyIjp7ImlkIjoiNjY2OWZmMjk3N2UyMWFiMjAwN2Q4MzcyIn0sImlhdCI6MTcxODI2NDY3MCwiZXhwIjoxNzE4MjY4MjcwfQ.nYR5TAh7fqsfRaz2RZMCsmRfgUiu7TIoIV3xHt-EDWQ","service":"user-service","timestamp":"2024-06-13 13:45:56"}
{"level":"error","message":"Unexpected field","metadata":{"code":"LIMIT_UNEXPECTED_FILE","field":"PDF","message":"Unexpected field","name":"MulterError","storageErrors":[]},"service":"user-service","timestamp":"2024-06-13 13:45:56"}
{"level":"info","message":"Authorization header: Bearer eyJhbGciOiJIUzI1NiIsInR5cCI6IkpXVCJ9.eyJ1c2VyIjp7ImlkIjoiNjY2OWZmMjk3N2UyMWFiMjAwN2Q4MzcyIn0sImlhdCI6MTcxODI2NDY3MCwiZXhwIjoxNzE4MjY4MjcwfQ.nYR5TAh7fqsfRaz2RZMCsmRfgUiu7TIoIV3xHt-EDWQ","service":"user-service","timestamp":"2024-06-13 13:45:56"}
{"level":"info","message":"Extracted token: eyJhbGciOiJIUzI1NiIsInR5cCI6IkpXVCJ9.eyJ1c2VyIjp7ImlkIjoiNjY2OWZmMjk3N2UyMWFiMjAwN2Q4MzcyIn0sImlhdCI6MTcxODI2NDY3MCwiZXhwIjoxNzE4MjY4MjcwfQ.nYR5TAh7fqsfRaz2RZMCsmRfgUiu7TIoIV3xHt-EDWQ","service":"user-service","timestamp":"2024-06-13 13:45:56"}
{"level":"error","message":"Unexpected field","metadata":{"code":"LIMIT_UNEXPECTED_FILE","field":"PDF","message":"Unexpected field","name":"MulterError","storageErrors":[]},"service":"user-service","timestamp":"2024-06-13 13:45:56"}
{"level":"info","message":"Authorization header: Bearer eyJhbGciOiJIUzI1NiIsInR5cCI6IkpXVCJ9.eyJ1c2VyIjp7ImlkIjoiNjY2OWZmMjk3N2UyMWFiMjAwN2Q4MzcyIn0sImlhdCI6MTcxODI2NDY3MCwiZXhwIjoxNzE4MjY4MjcwfQ.nYR5TAh7fqsfRaz2RZMCsmRfgUiu7TIoIV3xHt-EDWQ","service":"user-service","timestamp":"2024-06-13 13:50:41"}
{"level":"info","message":"Extracted token: eyJhbGciOiJIUzI1NiIsInR5cCI6IkpXVCJ9.eyJ1c2VyIjp7ImlkIjoiNjY2OWZmMjk3N2UyMWFiMjAwN2Q4MzcyIn0sImlhdCI6MTcxODI2NDY3MCwiZXhwIjoxNzE4MjY4MjcwfQ.nYR5TAh7fqsfRaz2RZMCsmRfgUiu7TIoIV3xHt-EDWQ","service":"user-service","timestamp":"2024-06-13 13:50:41"}
{"level":"error","message":"Cannot read properties of undefined (reading 'startsWith')","metadata":{},"service":"user-service","timestamp":"2024-06-13 13:50:41"}
{"level":"info","message":"Authorization header: Bearer eyJhbGciOiJIUzI1NiIsInR5cCI6IkpXVCJ9.eyJ1c2VyIjp7ImlkIjoiNjY2OWZmMjk3N2UyMWFiMjAwN2Q4MzcyIn0sImlhdCI6MTcxODI2NDY3MCwiZXhwIjoxNzE4MjY4MjcwfQ.nYR5TAh7fqsfRaz2RZMCsmRfgUiu7TIoIV3xHt-EDWQ","service":"user-service","timestamp":"2024-06-13 13:57:39"}
{"level":"info","message":"Extracted token: eyJhbGciOiJIUzI1NiIsInR5cCI6IkpXVCJ9.eyJ1c2VyIjp7ImlkIjoiNjY2OWZmMjk3N2UyMWFiMjAwN2Q4MzcyIn0sImlhdCI6MTcxODI2NDY3MCwiZXhwIjoxNzE4MjY4MjcwfQ.nYR5TAh7fqsfRaz2RZMCsmRfgUiu7TIoIV3xHt-EDWQ","service":"user-service","timestamp":"2024-06-13 13:57:39"}
{"level":"error","message":"Cannot read properties of undefined (reading 'startsWith')","metadata":{},"service":"user-service","timestamp":"2024-06-13 13:57:39"}
{"level":"info","message":"Authorization header: Bearer eyJhbGciOiJIUzI1NiIsInR5cCI6IkpXVCJ9.eyJ1c2VyIjp7ImlkIjoiNjY2OWZmMjk3N2UyMWFiMjAwN2Q4MzcyIn0sImlhdCI6MTcxODI2NDY3MCwiZXhwIjoxNzE4MjY4MjcwfQ.nYR5TAh7fqsfRaz2RZMCsmRfgUiu7TIoIV3xHt-EDWQ","service":"user-service","timestamp":"2024-06-13 13:57:39"}
{"level":"info","message":"Extracted token: eyJhbGciOiJIUzI1NiIsInR5cCI6IkpXVCJ9.eyJ1c2VyIjp7ImlkIjoiNjY2OWZmMjk3N2UyMWFiMjAwN2Q4MzcyIn0sImlhdCI6MTcxODI2NDY3MCwiZXhwIjoxNzE4MjY4MjcwfQ.nYR5TAh7fqsfRaz2RZMCsmRfgUiu7TIoIV3xHt-EDWQ","service":"user-service","timestamp":"2024-06-13 13:57:39"}
{"level":"error","message":"Cannot read properties of undefined (reading 'startsWith')","metadata":{},"service":"user-service","timestamp":"2024-06-13 13:57:39"}
{"level":"info","message":"Authorization header: Bearer eyJhbGciOiJIUzI1NiIsInR5cCI6IkpXVCJ9.eyJ1c2VyIjp7ImlkIjoiNjY2OWZmMjk3N2UyMWFiMjAwN2Q4MzcyIn0sImlhdCI6MTcxODI2NDY3MCwiZXhwIjoxNzE4MjY4MjcwfQ.nYR5TAh7fqsfRaz2RZMCsmRfgUiu7TIoIV3xHt-EDWQ","service":"user-service","timestamp":"2024-06-13 13:57:55"}
{"level":"info","message":"Extracted token: eyJhbGciOiJIUzI1NiIsInR5cCI6IkpXVCJ9.eyJ1c2VyIjp7ImlkIjoiNjY2OWZmMjk3N2UyMWFiMjAwN2Q4MzcyIn0sImlhdCI6MTcxODI2NDY3MCwiZXhwIjoxNzE4MjY4MjcwfQ.nYR5TAh7fqsfRaz2RZMCsmRfgUiu7TIoIV3xHt-EDWQ","service":"user-service","timestamp":"2024-06-13 13:57:55"}
{"level":"error","message":"Unexpected field","metadata":{"code":"LIMIT_UNEXPECTED_FILE","field":"PDF","message":"Unexpected field","name":"MulterError","storageErrors":[]},"service":"user-service","timestamp":"2024-06-13 13:57:55"}
{"level":"info","message":"Authorization header: Bearer eyJhbGciOiJIUzI1NiIsInR5cCI6IkpXVCJ9.eyJ1c2VyIjp7ImlkIjoiNjY2OWZmMjk3N2UyMWFiMjAwN2Q4MzcyIn0sImlhdCI6MTcxODI2NDY3MCwiZXhwIjoxNzE4MjY4MjcwfQ.nYR5TAh7fqsfRaz2RZMCsmRfgUiu7TIoIV3xHt-EDWQ","service":"user-service","timestamp":"2024-06-13 14:03:23"}
{"level":"info","message":"Extracted token: eyJhbGciOiJIUzI1NiIsInR5cCI6IkpXVCJ9.eyJ1c2VyIjp7ImlkIjoiNjY2OWZmMjk3N2UyMWFiMjAwN2Q4MzcyIn0sImlhdCI6MTcxODI2NDY3MCwiZXhwIjoxNzE4MjY4MjcwfQ.nYR5TAh7fqsfRaz2RZMCsmRfgUiu7TIoIV3xHt-EDWQ","service":"user-service","timestamp":"2024-06-13 14:03:23"}
{"level":"error","message":"Unexpected field","metadata":{"code":"LIMIT_UNEXPECTED_FILE","field":"PDF","message":"Unexpected field","name":"MulterError","storageErrors":[]},"service":"user-service","timestamp":"2024-06-13 14:03:23"}
{"level":"info","message":"Authorization header: undefined","service":"user-service","timestamp":"2024-06-13 14:19:23"}
{"level":"error","message":"No token, authorization denied","service":"user-service","timestamp":"2024-06-13 14:19:23"}
{"level":"info","message":"Authorization header: undefined","service":"user-service","timestamp":"2024-06-13 14:19:23"}
{"level":"error","message":"No token, authorization denied","service":"user-service","timestamp":"2024-06-13 14:19:23"}
{"level":"info","message":"Authorization header: undefined","service":"user-service","timestamp":"2024-06-13 14:20:17"}
{"level":"error","message":"No token, authorization denied","service":"user-service","timestamp":"2024-06-13 14:20:17"}
{"level":"info","message":"Authorization header: undefined","service":"user-service","timestamp":"2024-06-13 14:21:43"}
{"level":"error","message":"No token, authorization denied","service":"user-service","timestamp":"2024-06-13 14:21:43"}
{"level":"info","message":"Authorization header: undefined","service":"user-service","timestamp":"2024-06-13 14:22:43"}
{"level":"error","message":"No token, authorization denied","service":"user-service","timestamp":"2024-06-13 14:22:43"}
{"level":"info","message":"Authorization header: undefined","service":"user-service","timestamp":"2024-06-13 14:22:51"}
{"level":"error","message":"No token, authorization denied","service":"user-service","timestamp":"2024-06-13 14:22:51"}
{"level":"info","message":"Authorization header: Bearer eyJhbGciOiJIUzI1NiIsInR5cCI6IkpXVCJ9.eyJ1c2VyIjp7ImlkIjoiNjY2OWZmMjk3N2UyMWFiMjAwN2Q4MzcyIn0sImlhdCI6MTcxODI2NzY2MywiZXhwIjoxNzE4MjcxMjYzfQ.JzCes_gAaxOl0P95Xwc7JX3_8lZrqA7APvPkClZ6aUc","service":"user-service","timestamp":"2024-06-13 14:23:02"}
{"level":"info","message":"Extracted token: eyJhbGciOiJIUzI1NiIsInR5cCI6IkpXVCJ9.eyJ1c2VyIjp7ImlkIjoiNjY2OWZmMjk3N2UyMWFiMjAwN2Q4MzcyIn0sImlhdCI6MTcxODI2NzY2MywiZXhwIjoxNzE4MjcxMjYzfQ.JzCes_gAaxOl0P95Xwc7JX3_8lZrqA7APvPkClZ6aUc","service":"user-service","timestamp":"2024-06-13 14:23:02"}
{"level":"error","message":"ENOENT: no such file or directory, open 'D:\\PDF-MERN\\files\\1718268782861The_Algorithm_Design_Manual_Steven_S_Ski.pdf'","metadata":{"code":"ENOENT","errno":-4058,"path":"D:\\PDF-MERN\\files\\1718268782861The_Algorithm_Design_Manual_Steven_S_Ski.pdf","storageErrors":[],"syscall":"open"},"service":"user-service","timestamp":"2024-06-13 14:23:02"}
{"level":"info","message":"Authorization header: Bearer eyJhbGciOiJIUzI1NiIsInR5cCI6IkpXVCJ9.eyJ1c2VyIjp7ImlkIjoiNjY2OWZmMjk3N2UyMWFiMjAwN2Q4MzcyIn0sImlhdCI6MTcxODI2NzY2MywiZXhwIjoxNzE4MjcxMjYzfQ.JzCes_gAaxOl0P95Xwc7JX3_8lZrqA7APvPkClZ6aUc","service":"user-service","timestamp":"2024-06-13 14:23:07"}
{"level":"info","message":"Extracted token: eyJhbGciOiJIUzI1NiIsInR5cCI6IkpXVCJ9.eyJ1c2VyIjp7ImlkIjoiNjY2OWZmMjk3N2UyMWFiMjAwN2Q4MzcyIn0sImlhdCI6MTcxODI2NzY2MywiZXhwIjoxNzE4MjcxMjYzfQ.JzCes_gAaxOl0P95Xwc7JX3_8lZrqA7APvPkClZ6aUc","service":"user-service","timestamp":"2024-06-13 14:23:07"}
{"level":"error","message":"ENOENT: no such file or directory, open 'D:\\PDF-MERN\\files\\1718268787887The_Algorithm_Design_Manual_Steven_S_Ski.pdf'","metadata":{"code":"ENOENT","errno":-4058,"path":"D:\\PDF-MERN\\files\\1718268787887The_Algorithm_Design_Manual_Steven_S_Ski.pdf","storageErrors":[],"syscall":"open"},"service":"user-service","timestamp":"2024-06-13 14:23:07"}
{"level":"info","message":"Authorization header: undefined","service":"user-service","timestamp":"2024-06-13 14:28:32"}
{"level":"error","message":"No token, authorization denied","service":"user-service","timestamp":"2024-06-13 14:28:32"}
{"level":"info","message":"Authorization header: undefined","service":"user-service","timestamp":"2024-06-13 14:28:32"}
{"level":"error","message":"No token, authorization denied","service":"user-service","timestamp":"2024-06-13 14:28:32"}
{"level":"info","message":"Authorization header: Bearer eyJhbGciOiJIUzI1NiIsInR5cCI6IkpXVCJ9.eyJ1c2VyIjp7ImlkIjoiNjY2OWZmMjk3N2UyMWFiMjAwN2Q4MzcyIn0sImlhdCI6MTcxODI2OTExMiwiZXhwIjoxNzE4MjcyNzEyfQ.oeB-EjJf7Nc_g-hWjo7czw2PiMGLNpPjP-Zlpbgn7_4","service":"user-service","timestamp":"2024-06-13 14:28:45"}
{"level":"info","message":"Extracted token: eyJhbGciOiJIUzI1NiIsInR5cCI6IkpXVCJ9.eyJ1c2VyIjp7ImlkIjoiNjY2OWZmMjk3N2UyMWFiMjAwN2Q4MzcyIn0sImlhdCI6MTcxODI2OTExMiwiZXhwIjoxNzE4MjcyNzEyfQ.oeB-EjJf7Nc_g-hWjo7czw2PiMGLNpPjP-Zlpbgn7_4","service":"user-service","timestamp":"2024-06-13 14:28:45"}
{"level":"error","message":"ENOENT: no such file or directory, open 'D:\\PDF-MERN\\files\\1718269125507M.Fowler et al - Refactoring - Improving the Design of Existing.pdf'","metadata":{"code":"ENOENT","errno":-4058,"path":"D:\\PDF-MERN\\files\\1718269125507M.Fowler et al - Refactoring - Improving the Design of Existing.pdf","storageErrors":[],"syscall":"open"},"service":"user-service","timestamp":"2024-06-13 14:28:45"}
{"level":"info","message":"Authorization header: undefined","service":"user-service","timestamp":"2024-06-13 14:29:42"}
{"level":"error","message":"No token, authorization denied","service":"user-service","timestamp":"2024-06-13 14:29:42"}
{"level":"info","message":"Authorization header: Bearer eyJhbGciOiJIUzI1NiIsInR5cCI6IkpXVCJ9.eyJ1c2VyIjp7ImlkIjoiNjY2OWZmMjk3N2UyMWFiMjAwN2Q4MzcyIn0sImlhdCI6MTcxODI2OTExMiwiZXhwIjoxNzE4MjcyNzEyfQ.oeB-EjJf7Nc_g-hWjo7czw2PiMGLNpPjP-Zlpbgn7_4","service":"user-service","timestamp":"2024-06-13 14:30:12"}
{"level":"info","message":"Extracted token: eyJhbGciOiJIUzI1NiIsInR5cCI6IkpXVCJ9.eyJ1c2VyIjp7ImlkIjoiNjY2OWZmMjk3N2UyMWFiMjAwN2Q4MzcyIn0sImlhdCI6MTcxODI2OTExMiwiZXhwIjoxNzE4MjcyNzEyfQ.oeB-EjJf7Nc_g-hWjo7czw2PiMGLNpPjP-Zlpbgn7_4","service":"user-service","timestamp":"2024-06-13 14:30:12"}
{"level":"error","message":"ENOENT: no such file or directory, open 'D:\\PDF-MERN\\files\\1718269212186M.Fowler et al - Refactoring - Improving the Design of Existing.pdf'","metadata":{"code":"ENOENT","errno":-4058,"path":"D:\\PDF-MERN\\files\\1718269212186M.Fowler et al - Refactoring - Improving the Design of Existing.pdf","storageErrors":[],"syscall":"open"},"service":"user-service","timestamp":"2024-06-13 14:30:12"}
{"level":"info","message":"Authorization header: Bearer eyJhbGciOiJIUzI1NiIsInR5cCI6IkpXVCJ9.eyJ1c2VyIjp7ImlkIjoiNjY2OWZmMjk3N2UyMWFiMjAwN2Q4MzcyIn0sImlhdCI6MTcxODI2OTExMiwiZXhwIjoxNzE4MjcyNzEyfQ.oeB-EjJf7Nc_g-hWjo7czw2PiMGLNpPjP-Zlpbgn7_4","service":"user-service","timestamp":"2024-06-13 14:32:13"}
{"level":"info","message":"Extracted token: eyJhbGciOiJIUzI1NiIsInR5cCI6IkpXVCJ9.eyJ1c2VyIjp7ImlkIjoiNjY2OWZmMjk3N2UyMWFiMjAwN2Q4MzcyIn0sImlhdCI6MTcxODI2OTExMiwiZXhwIjoxNzE4MjcyNzEyfQ.oeB-EjJf7Nc_g-hWjo7czw2PiMGLNpPjP-Zlpbgn7_4","service":"user-service","timestamp":"2024-06-13 14:32:13"}
{"level":"error","message":"ENOENT: no such file or directory, open 'D:\\PDF-MERN\\files\\1718269333923M.Fowler et al - Refactoring - Improving the Design of Existing.pdf'","metadata":{"code":"ENOENT","errno":-4058,"path":"D:\\PDF-MERN\\files\\1718269333923M.Fowler et al - Refactoring - Improving the Design of Existing.pdf","storageErrors":[],"syscall":"open"},"service":"user-service","timestamp":"2024-06-13 14:32:13"}
{"level":"info","message":"Authorization header: Bearer eyJhbGciOiJIUzI1NiIsInR5cCI6IkpXVCJ9.eyJ1c2VyIjp7ImlkIjoiNjY2OWZmMjk3N2UyMWFiMjAwN2Q4MzcyIn0sImlhdCI6MTcxODI2OTExMiwiZXhwIjoxNzE4MjcyNzEyfQ.oeB-EjJf7Nc_g-hWjo7czw2PiMGLNpPjP-Zlpbgn7_4","service":"user-service","timestamp":"2024-06-13 14:34:26"}
{"level":"info","message":"Extracted token: eyJhbGciOiJIUzI1NiIsInR5cCI6IkpXVCJ9.eyJ1c2VyIjp7ImlkIjoiNjY2OWZmMjk3N2UyMWFiMjAwN2Q4MzcyIn0sImlhdCI6MTcxODI2OTExMiwiZXhwIjoxNzE4MjcyNzEyfQ.oeB-EjJf7Nc_g-hWjo7czw2PiMGLNpPjP-Zlpbgn7_4","service":"user-service","timestamp":"2024-06-13 14:34:26"}
{"level":"error","message":"ENOENT: no such file or directory, open 'D:\\PDF-MERN\\files\\1718269466520M.Fowler et al - Refactoring - Improving the Design of Existing.pdf'","metadata":{"code":"ENOENT","errno":-4058,"path":"D:\\PDF-MERN\\files\\1718269466520M.Fowler et al - Refactoring - Improving the Design of Existing.pdf","storageErrors":[],"syscall":"open"},"service":"user-service","timestamp":"2024-06-13 14:34:26"}
{"level":"info","message":"Authorization header: undefined","service":"user-service","timestamp":"2024-06-13 14:39:12"}
{"level":"error","message":"No token, authorization denied","service":"user-service","timestamp":"2024-06-13 14:39:12"}
{"level":"info","message":"Authorization header: Bearer eyJhbGciOiJIUzI1NiIsInR5cCI6IkpXVCJ9.eyJ1c2VyIjp7ImlkIjoiNjY2OWZmMjk3N2UyMWFiMjAwN2Q4MzcyIn0sImlhdCI6MTcxODI2OTExMiwiZXhwIjoxNzE4MjcyNzEyfQ.oeB-EjJf7Nc_g-hWjo7czw2PiMGLNpPjP-Zlpbgn7_4","service":"user-service","timestamp":"2024-06-13 14:39:17"}
{"level":"info","message":"Extracted token: eyJhbGciOiJIUzI1NiIsInR5cCI6IkpXVCJ9.eyJ1c2VyIjp7ImlkIjoiNjY2OWZmMjk3N2UyMWFiMjAwN2Q4MzcyIn0sImlhdCI6MTcxODI2OTExMiwiZXhwIjoxNzE4MjcyNzEyfQ.oeB-EjJf7Nc_g-hWjo7czw2PiMGLNpPjP-Zlpbgn7_4","service":"user-service","timestamp":"2024-06-13 14:39:17"}
{"level":"error","message":"ENOENT: no such file or directory, open 'D:\\PDF-MERN\\files\\1718269757562M.Fowler et al - Refactoring - Improving the Design of Existing.pdf'","metadata":{"code":"ENOENT","errno":-4058,"path":"D:\\PDF-MERN\\files\\1718269757562M.Fowler et al - Refactoring - Improving the Design of Existing.pdf","storageErrors":[],"syscall":"open"},"service":"user-service","timestamp":"2024-06-13 14:39:17"}
{"level":"info","message":"Authorization header: Bearer eyJhbGciOiJIUzI1NiIsInR5cCI6IkpXVCJ9.eyJ1c2VyIjp7ImlkIjoiNjY2OWZmMjk3N2UyMWFiMjAwN2Q4MzcyIn0sImlhdCI6MTcxODI2OTExMiwiZXhwIjoxNzE4MjcyNzEyfQ.oeB-EjJf7Nc_g-hWjo7czw2PiMGLNpPjP-Zlpbgn7_4","service":"user-service","timestamp":"2024-06-13 14:39:42"}
{"level":"info","message":"Extracted token: eyJhbGciOiJIUzI1NiIsInR5cCI6IkpXVCJ9.eyJ1c2VyIjp7ImlkIjoiNjY2OWZmMjk3N2UyMWFiMjAwN2Q4MzcyIn0sImlhdCI6MTcxODI2OTExMiwiZXhwIjoxNzE4MjcyNzEyfQ.oeB-EjJf7Nc_g-hWjo7czw2PiMGLNpPjP-Zlpbgn7_4","service":"user-service","timestamp":"2024-06-13 14:39:42"}
{"level":"info","message":"Authorization header: Bearer eyJhbGciOiJIUzI1NiIsInR5cCI6IkpXVCJ9.eyJ1c2VyIjp7ImlkIjoiNjY2OWZmMjk3N2UyMWFiMjAwN2Q4MzcyIn0sImlhdCI6MTcxODI2OTExMiwiZXhwIjoxNzE4MjcyNzEyfQ.oeB-EjJf7Nc_g-hWjo7czw2PiMGLNpPjP-Zlpbgn7_4","service":"user-service","timestamp":"2024-06-13 14:39:42"}
{"level":"info","message":"Extracted token: eyJhbGciOiJIUzI1NiIsInR5cCI6IkpXVCJ9.eyJ1c2VyIjp7ImlkIjoiNjY2OWZmMjk3N2UyMWFiMjAwN2Q4MzcyIn0sImlhdCI6MTcxODI2OTExMiwiZXhwIjoxNzE4MjcyNzEyfQ.oeB-EjJf7Nc_g-hWjo7czw2PiMGLNpPjP-Zlpbgn7_4","service":"user-service","timestamp":"2024-06-13 14:39:42"}
{"level":"info","message":"Authorization header: Bearer eyJhbGciOiJIUzI1NiIsInR5cCI6IkpXVCJ9.eyJ1c2VyIjp7ImlkIjoiNjY2OWZmMjk3N2UyMWFiMjAwN2Q4MzcyIn0sImlhdCI6MTcxODI2OTExMiwiZXhwIjoxNzE4MjcyNzEyfQ.oeB-EjJf7Nc_g-hWjo7czw2PiMGLNpPjP-Zlpbgn7_4","service":"user-service","timestamp":"2024-06-13 14:40:51"}
{"level":"info","message":"Extracted token: eyJhbGciOiJIUzI1NiIsInR5cCI6IkpXVCJ9.eyJ1c2VyIjp7ImlkIjoiNjY2OWZmMjk3N2UyMWFiMjAwN2Q4MzcyIn0sImlhdCI6MTcxODI2OTExMiwiZXhwIjoxNzE4MjcyNzEyfQ.oeB-EjJf7Nc_g-hWjo7czw2PiMGLNpPjP-Zlpbgn7_4","service":"user-service","timestamp":"2024-06-13 14:40:51"}
{"level":"error","message":"Cannot read properties of undefined (reading 'startsWith')","metadata":{},"service":"user-service","timestamp":"2024-06-13 14:40:51"}
{"level":"info","message":"Authorization header: Bearer eyJhbGciOiJIUzI1NiIsInR5cCI6IkpXVCJ9.eyJ1c2VyIjp7ImlkIjoiNjY2OWZmMjk3N2UyMWFiMjAwN2Q4MzcyIn0sImlhdCI6MTcxODI2OTExMiwiZXhwIjoxNzE4MjcyNzEyfQ.oeB-EjJf7Nc_g-hWjo7czw2PiMGLNpPjP-Zlpbgn7_4","service":"user-service","timestamp":"2024-06-13 14:46:05"}
{"level":"info","message":"Extracted token: eyJhbGciOiJIUzI1NiIsInR5cCI6IkpXVCJ9.eyJ1c2VyIjp7ImlkIjoiNjY2OWZmMjk3N2UyMWFiMjAwN2Q4MzcyIn0sImlhdCI6MTcxODI2OTExMiwiZXhwIjoxNzE4MjcyNzEyfQ.oeB-EjJf7Nc_g-hWjo7czw2PiMGLNpPjP-Zlpbgn7_4","service":"user-service","timestamp":"2024-06-13 14:46:05"}
{"level":"error","message":"Cannot read properties of undefined (reading 'startsWith')","metadata":{},"service":"user-service","timestamp":"2024-06-13 14:46:05"}
{"level":"info","message":"Authorization header: Bearer eyJhbGciOiJIUzI1NiIsInR5cCI6IkpXVCJ9.eyJ1c2VyIjp7ImlkIjoiNjY2OWZmMjk3N2UyMWFiMjAwN2Q4MzcyIn0sImlhdCI6MTcxODI2OTExMiwiZXhwIjoxNzE4MjcyNzEyfQ.oeB-EjJf7Nc_g-hWjo7czw2PiMGLNpPjP-Zlpbgn7_4","service":"user-service","timestamp":"2024-06-13 14:46:06"}
{"level":"info","message":"Extracted token: eyJhbGciOiJIUzI1NiIsInR5cCI6IkpXVCJ9.eyJ1c2VyIjp7ImlkIjoiNjY2OWZmMjk3N2UyMWFiMjAwN2Q4MzcyIn0sImlhdCI6MTcxODI2OTExMiwiZXhwIjoxNzE4MjcyNzEyfQ.oeB-EjJf7Nc_g-hWjo7czw2PiMGLNpPjP-Zlpbgn7_4","service":"user-service","timestamp":"2024-06-13 14:46:06"}
{"level":"error","message":"Cannot read properties of undefined (reading 'startsWith')","metadata":{},"service":"user-service","timestamp":"2024-06-13 14:46:06"}
{"level":"info","message":"Authorization header: Bearer eyJhbGciOiJIUzI1NiIsInR5cCI6IkpXVCJ9.eyJ1c2VyIjp7ImlkIjoiNjY2OWZmMjk3N2UyMWFiMjAwN2Q4MzcyIn0sImlhdCI6MTcxODI2OTExMiwiZXhwIjoxNzE4MjcyNzEyfQ.oeB-EjJf7Nc_g-hWjo7czw2PiMGLNpPjP-Zlpbgn7_4","service":"user-service","timestamp":"2024-06-13 14:46:17"}
{"level":"info","message":"Extracted token: eyJhbGciOiJIUzI1NiIsInR5cCI6IkpXVCJ9.eyJ1c2VyIjp7ImlkIjoiNjY2OWZmMjk3N2UyMWFiMjAwN2Q4MzcyIn0sImlhdCI6MTcxODI2OTExMiwiZXhwIjoxNzE4MjcyNzEyfQ.oeB-EjJf7Nc_g-hWjo7czw2PiMGLNpPjP-Zlpbgn7_4","service":"user-service","timestamp":"2024-06-13 14:46:17"}
{"level":"info","message":"Authorization header: Bearer eyJhbGciOiJIUzI1NiIsInR5cCI6IkpXVCJ9.eyJ1c2VyIjp7ImlkIjoiNjY2OWZmMjk3N2UyMWFiMjAwN2Q4MzcyIn0sImlhdCI6MTcxODI2OTExMiwiZXhwIjoxNzE4MjcyNzEyfQ.oeB-EjJf7Nc_g-hWjo7czw2PiMGLNpPjP-Zlpbgn7_4","service":"user-service","timestamp":"2024-06-13 14:50:02"}
{"level":"info","message":"Extracted token: eyJhbGciOiJIUzI1NiIsInR5cCI6IkpXVCJ9.eyJ1c2VyIjp7ImlkIjoiNjY2OWZmMjk3N2UyMWFiMjAwN2Q4MzcyIn0sImlhdCI6MTcxODI2OTExMiwiZXhwIjoxNzE4MjcyNzEyfQ.oeB-EjJf7Nc_g-hWjo7czw2PiMGLNpPjP-Zlpbgn7_4","service":"user-service","timestamp":"2024-06-13 14:50:02"}
{"level":"info","message":"Authorization header: Bearer eyJhbGciOiJIUzI1NiIsInR5cCI6IkpXVCJ9.eyJ1c2VyIjp7ImlkIjoiNjY2OWZmMjk3N2UyMWFiMjAwN2Q4MzcyIn0sImlhdCI6MTcxODI2OTExMiwiZXhwIjoxNzE4MjcyNzEyfQ.oeB-EjJf7Nc_g-hWjo7czw2PiMGLNpPjP-Zlpbgn7_4","service":"user-service","timestamp":"2024-06-13 14:50:04"}
{"level":"info","message":"Extracted token: eyJhbGciOiJIUzI1NiIsInR5cCI6IkpXVCJ9.eyJ1c2VyIjp7ImlkIjoiNjY2OWZmMjk3N2UyMWFiMjAwN2Q4MzcyIn0sImlhdCI6MTcxODI2OTExMiwiZXhwIjoxNzE4MjcyNzEyfQ.oeB-EjJf7Nc_g-hWjo7czw2PiMGLNpPjP-Zlpbgn7_4","service":"user-service","timestamp":"2024-06-13 14:50:04"}
{"level":"info","message":"Authorization header: Bearer eyJhbGciOiJIUzI1NiIsInR5cCI6IkpXVCJ9.eyJ1c2VyIjp7ImlkIjoiNjY2OWZmMjk3N2UyMWFiMjAwN2Q4MzcyIn0sImlhdCI6MTcxODI3MDg4OCwiZXhwIjoxNzE4Mjc0NDg4fQ.1zQ9n0WmZcvKeE8qfgOXRwrM2MWwB5GoCkoC5kGt_No","service":"user-service","timestamp":"2024-06-13 14:58:08"}
{"level":"info","message":"Extracted token: eyJhbGciOiJIUzI1NiIsInR5cCI6IkpXVCJ9.eyJ1c2VyIjp7ImlkIjoiNjY2OWZmMjk3N2UyMWFiMjAwN2Q4MzcyIn0sImlhdCI6MTcxODI3MDg4OCwiZXhwIjoxNzE4Mjc0NDg4fQ.1zQ9n0WmZcvKeE8qfgOXRwrM2MWwB5GoCkoC5kGt_No","service":"user-service","timestamp":"2024-06-13 14:58:08"}
{"level":"info","message":"Authorization header: Bearer eyJhbGciOiJIUzI1NiIsInR5cCI6IkpXVCJ9.eyJ1c2VyIjp7ImlkIjoiNjY2OWZmMjk3N2UyMWFiMjAwN2Q4MzcyIn0sImlhdCI6MTcxODI3MDg4OCwiZXhwIjoxNzE4Mjc0NDg4fQ.1zQ9n0WmZcvKeE8qfgOXRwrM2MWwB5GoCkoC5kGt_No","service":"user-service","timestamp":"2024-06-13 14:58:10"}
{"level":"info","message":"Extracted token: eyJhbGciOiJIUzI1NiIsInR5cCI6IkpXVCJ9.eyJ1c2VyIjp7ImlkIjoiNjY2OWZmMjk3N2UyMWFiMjAwN2Q4MzcyIn0sImlhdCI6MTcxODI3MDg4OCwiZXhwIjoxNzE4Mjc0NDg4fQ.1zQ9n0WmZcvKeE8qfgOXRwrM2MWwB5GoCkoC5kGt_No","service":"user-service","timestamp":"2024-06-13 14:58:10"}
{"level":"info","message":"Authorization header: Bearer eyJhbGciOiJIUzI1NiIsInR5cCI6IkpXVCJ9.eyJ1c2VyIjp7ImlkIjoiNjY2OWZmMjk3N2UyMWFiMjAwN2Q4MzcyIn0sImlhdCI6MTcxODI3MDk2NSwiZXhwIjoxNzE4Mjc0NTY1fQ._1-3Sv3BbPjMvTeih8S-2csG_xtGHcFQ5Q0UsSgnCrA","service":"user-service","timestamp":"2024-06-13 14:59:25"}
{"level":"info","message":"Extracted token: eyJhbGciOiJIUzI1NiIsInR5cCI6IkpXVCJ9.eyJ1c2VyIjp7ImlkIjoiNjY2OWZmMjk3N2UyMWFiMjAwN2Q4MzcyIn0sImlhdCI6MTcxODI3MDk2NSwiZXhwIjoxNzE4Mjc0NTY1fQ._1-3Sv3BbPjMvTeih8S-2csG_xtGHcFQ5Q0UsSgnCrA","service":"user-service","timestamp":"2024-06-13 14:59:25"}
{"level":"info","message":"Authorization header: Bearer eyJhbGciOiJIUzI1NiIsInR5cCI6IkpXVCJ9.eyJ1c2VyIjp7ImlkIjoiNjY2OWZmMjk3N2UyMWFiMjAwN2Q4MzcyIn0sImlhdCI6MTcxODI3MDk2NSwiZXhwIjoxNzE4Mjc0NTY1fQ._1-3Sv3BbPjMvTeih8S-2csG_xtGHcFQ5Q0UsSgnCrA","service":"user-service","timestamp":"2024-06-13 14:59:27"}
{"level":"info","message":"Extracted token: eyJhbGciOiJIUzI1NiIsInR5cCI6IkpXVCJ9.eyJ1c2VyIjp7ImlkIjoiNjY2OWZmMjk3N2UyMWFiMjAwN2Q4MzcyIn0sImlhdCI6MTcxODI3MDk2NSwiZXhwIjoxNzE4Mjc0NTY1fQ._1-3Sv3BbPjMvTeih8S-2csG_xtGHcFQ5Q0UsSgnCrA","service":"user-service","timestamp":"2024-06-13 14:59:27"}
{"level":"info","message":"Authorization header: Bearer eyJhbGciOiJIUzI1NiIsInR5cCI6IkpXVCJ9.eyJ1c2VyIjp7ImlkIjoiNjY2OWZmMjk3N2UyMWFiMjAwN2Q4MzcyIn0sImlhdCI6MTcxODI3MDk2NSwiZXhwIjoxNzE4Mjc0NTY1fQ._1-3Sv3BbPjMvTeih8S-2csG_xtGHcFQ5Q0UsSgnCrA","service":"user-service","timestamp":"2024-06-13 14:59:32"}
{"level":"info","message":"Extracted token: eyJhbGciOiJIUzI1NiIsInR5cCI6IkpXVCJ9.eyJ1c2VyIjp7ImlkIjoiNjY2OWZmMjk3N2UyMWFiMjAwN2Q4MzcyIn0sImlhdCI6MTcxODI3MDk2NSwiZXhwIjoxNzE4Mjc0NTY1fQ._1-3Sv3BbPjMvTeih8S-2csG_xtGHcFQ5Q0UsSgnCrA","service":"user-service","timestamp":"2024-06-13 14:59:32"}
{"level":"info","message":"Authorization header: Bearer eyJhbGciOiJIUzI1NiIsInR5cCI6IkpXVCJ9.eyJ1c2VyIjp7ImlkIjoiNjY2OWZmMjk3N2UyMWFiMjAwN2Q4MzcyIn0sImlhdCI6MTcxODI3MDk2NSwiZXhwIjoxNzE4Mjc0NTY1fQ._1-3Sv3BbPjMvTeih8S-2csG_xtGHcFQ5Q0UsSgnCrA","service":"user-service","timestamp":"2024-06-13 14:59:33"}
{"level":"info","message":"Extracted token: eyJhbGciOiJIUzI1NiIsInR5cCI6IkpXVCJ9.eyJ1c2VyIjp7ImlkIjoiNjY2OWZmMjk3N2UyMWFiMjAwN2Q4MzcyIn0sImlhdCI6MTcxODI3MDk2NSwiZXhwIjoxNzE4Mjc0NTY1fQ._1-3Sv3BbPjMvTeih8S-2csG_xtGHcFQ5Q0UsSgnCrA","service":"user-service","timestamp":"2024-06-13 14:59:33"}
{"level":"info","message":"Authorization header: Bearer eyJhbGciOiJIUzI1NiIsInR5cCI6IkpXVCJ9.eyJ1c2VyIjp7ImlkIjoiNjY2OWZmMjk3N2UyMWFiMjAwN2Q4MzcyIn0sImlhdCI6MTcxODI3NTIzNywiZXhwIjoxNzE4Mjc4ODM3fQ.YNJ_kN5t3LaW-V_j5KvJk2jrOQ_CVDoIWwtJDTGC7yM","service":"user-service","timestamp":"2024-06-13 16:10:37"}
{"level":"info","message":"Extracted token: eyJhbGciOiJIUzI1NiIsInR5cCI6IkpXVCJ9.eyJ1c2VyIjp7ImlkIjoiNjY2OWZmMjk3N2UyMWFiMjAwN2Q4MzcyIn0sImlhdCI6MTcxODI3NTIzNywiZXhwIjoxNzE4Mjc4ODM3fQ.YNJ_kN5t3LaW-V_j5KvJk2jrOQ_CVDoIWwtJDTGC7yM","service":"user-service","timestamp":"2024-06-13 16:10:37"}
{"level":"info","message":"Authorization header: Bearer eyJhbGciOiJIUzI1NiIsInR5cCI6IkpXVCJ9.eyJ1c2VyIjp7ImlkIjoiNjY2OWZmMjk3N2UyMWFiMjAwN2Q4MzcyIn0sImlhdCI6MTcxODI3NTIzNywiZXhwIjoxNzE4Mjc4ODM3fQ.YNJ_kN5t3LaW-V_j5KvJk2jrOQ_CVDoIWwtJDTGC7yM","service":"user-service","timestamp":"2024-06-13 16:10:39"}
{"level":"info","message":"Extracted token: eyJhbGciOiJIUzI1NiIsInR5cCI6IkpXVCJ9.eyJ1c2VyIjp7ImlkIjoiNjY2OWZmMjk3N2UyMWFiMjAwN2Q4MzcyIn0sImlhdCI6MTcxODI3NTIzNywiZXhwIjoxNzE4Mjc4ODM3fQ.YNJ_kN5t3LaW-V_j5KvJk2jrOQ_CVDoIWwtJDTGC7yM","service":"user-service","timestamp":"2024-06-13 16:10:39"}
{"level":"info","message":"Authorization header: Bearer eyJhbGciOiJIUzI1NiIsInR5cCI6IkpXVCJ9.eyJ1c2VyIjp7ImlkIjoiNjY2OWZmMjk3N2UyMWFiMjAwN2Q4MzcyIn0sImlhdCI6MTcxODI3NTIzNywiZXhwIjoxNzE4Mjc4ODM3fQ.YNJ_kN5t3LaW-V_j5KvJk2jrOQ_CVDoIWwtJDTGC7yM","service":"user-service","timestamp":"2024-06-13 16:10:44"}
{"level":"info","message":"Extracted token: eyJhbGciOiJIUzI1NiIsInR5cCI6IkpXVCJ9.eyJ1c2VyIjp7ImlkIjoiNjY2OWZmMjk3N2UyMWFiMjAwN2Q4MzcyIn0sImlhdCI6MTcxODI3NTIzNywiZXhwIjoxNzE4Mjc4ODM3fQ.YNJ_kN5t3LaW-V_j5KvJk2jrOQ_CVDoIWwtJDTGC7yM","service":"user-service","timestamp":"2024-06-13 16:10:44"}
{"level":"info","message":"Authorization header: Bearer eyJhbGciOiJIUzI1NiIsInR5cCI6IkpXVCJ9.eyJ1c2VyIjp7ImlkIjoiNjY2OWZmMjk3N2UyMWFiMjAwN2Q4MzcyIn0sImlhdCI6MTcxODI3NTIzNywiZXhwIjoxNzE4Mjc4ODM3fQ.YNJ_kN5t3LaW-V_j5KvJk2jrOQ_CVDoIWwtJDTGC7yM","service":"user-service","timestamp":"2024-06-13 16:10:45"}
{"level":"info","message":"Extracted token: eyJhbGciOiJIUzI1NiIsInR5cCI6IkpXVCJ9.eyJ1c2VyIjp7ImlkIjoiNjY2OWZmMjk3N2UyMWFiMjAwN2Q4MzcyIn0sImlhdCI6MTcxODI3NTIzNywiZXhwIjoxNzE4Mjc4ODM3fQ.YNJ_kN5t3LaW-V_j5KvJk2jrOQ_CVDoIWwtJDTGC7yM","service":"user-service","timestamp":"2024-06-13 16:10:45"}
